[19/May/2019 15:49:26] DEBUG [MYAPP:10] Succeed!
[19/May/2019 15:49:26] INFO [MYAPP:11] Admin!
[19/May/2019 15:49:26] WARNING [MYAPP:12] This is warn!!
[19/May/2019 15:49:26] ERROR [MYAPP:13] Error!!
[19/May/2019 15:49:26] DEBUG [MYAPP:18] Succeed!
[19/May/2019 15:49:26] INFO [MYAPP:19] Admin!
[19/May/2019 15:49:26] WARNING [MYAPP:20] This is warn!!
[19/May/2019 15:49:26] ERROR [MYAPP:21] Error!!
[19/May/2019 15:49:26] DEBUG [MYAPP:10] Succeed!
[19/May/2019 15:49:26] INFO [MYAPP:11] Admin!
[19/May/2019 15:49:26] WARNING [MYAPP:12] This is warn!!
[19/May/2019 15:49:26] ERROR [MYAPP:13] Error!!
[19/May/2019 15:49:26] DEBUG [MYAPP:18] Succeed!
[19/May/2019 15:49:26] INFO [MYAPP:19] Admin!
[19/May/2019 15:49:26] WARNING [MYAPP:20] This is warn!!
[19/May/2019 15:49:26] ERROR [MYAPP:21] Error!!
[19/May/2019 16:44:21] DEBUG [MYAPP:10] Succeed!
[19/May/2019 16:44:21] INFO [MYAPP:11] Admin!
[19/May/2019 16:44:21] DEBUG [MYAPP:16] Succeed!
[19/May/2019 16:44:21] INFO [MYAPP:17] Admin!
[19/May/2019 16:45:09] DEBUG [MYAPP:10] Succeed!
[19/May/2019 16:45:09] INFO [MYAPP:11] Admin!
[19/May/2019 16:45:09] DEBUG [MYAPP:16] Succeed!
[19/May/2019 16:45:09] INFO [MYAPP:17] Admin!
[19/May/2019 16:45:09] DEBUG [MYAPP:23] Succeed!
[19/May/2019 16:45:09] INFO [MYAPP:24] Admin!
[19/May/2019 16:45:09] DEBUG [MYAPP:29] Succeed!
[19/May/2019 16:45:09] INFO [MYAPP:30] Admin!
[19/May/2019 16:45:09] DEBUG [MYAPP:36] Succeed!
[19/May/2019 16:45:09] INFO [MYAPP:37] Admin!
[19/May/2019 16:47:15] DEBUG [MYAPP:10] Succeed!
[19/May/2019 16:47:15] INFO [MYAPP:11] Admin!
[19/May/2019 16:47:15] DEBUG [MYAPP:16] Succeed!
[19/May/2019 16:47:15] INFO [MYAPP:17] Admin!
[19/May/2019 16:47:15] DEBUG [MYAPP:23] Succeed!
[19/May/2019 16:47:15] INFO [MYAPP:24] Admin!
[19/May/2019 16:47:15] DEBUG [MYAPP:29] Succeed!
[19/May/2019 16:47:15] INFO [MYAPP:30] Admin!
[19/May/2019 16:47:15] DEBUG [MYAPP:36] Succeed!
[19/May/2019 16:47:15] INFO [MYAPP:37] Admin!
[19/May/2019 16:48:17] DEBUG [MYAPP:10] Succeed!
[19/May/2019 16:48:17] INFO [MYAPP:11] Admin!
[19/May/2019 16:48:17] DEBUG [MYAPP:16] Succeed!
[19/May/2019 16:48:17] INFO [MYAPP:17] Admin!
[19/May/2019 16:48:17] DEBUG [MYAPP:23] Succeed!
[19/May/2019 16:48:17] INFO [MYAPP:24] Admin!
[19/May/2019 16:48:17] DEBUG [MYAPP:29] Succeed!
[19/May/2019 16:48:17] INFO [MYAPP:30] Admin!
[19/May/2019 16:48:17] DEBUG [MYAPP:36] Succeed!
[19/May/2019 16:48:17] INFO [MYAPP:37] Admin!
[19/May/2019 16:48:49] DEBUG [MYAPP:10] Succeed!
[19/May/2019 16:48:49] INFO [MYAPP:11] Admin!
[19/May/2019 16:48:49] DEBUG [MYAPP:16] Succeed!
[19/May/2019 16:48:49] INFO [MYAPP:17] Admin!
[19/May/2019 16:48:49] DEBUG [MYAPP:23] Succeed!
[19/May/2019 16:48:49] INFO [MYAPP:24] Admin!
[19/May/2019 16:48:49] DEBUG [MYAPP:29] Succeed!
[19/May/2019 16:48:49] INFO [MYAPP:30] Admin!
[19/May/2019 16:48:49] DEBUG [MYAPP:36] Succeed!
[19/May/2019 16:48:49] INFO [MYAPP:37] Admin!
[19/May/2019 16:49:33] DEBUG [MYAPP:10] Succeed!
[19/May/2019 16:49:33] INFO [MYAPP:11] Admin!
[19/May/2019 16:49:33] DEBUG [MYAPP:16] Succeed!
[19/May/2019 16:49:33] INFO [MYAPP:17] Admin!
[19/May/2019 16:49:33] DEBUG [MYAPP:23] Succeed!
[19/May/2019 16:49:33] INFO [MYAPP:24] Admin!
[19/May/2019 16:49:33] DEBUG [MYAPP:29] Succeed!
[19/May/2019 16:49:33] INFO [MYAPP:30] Admin!
[19/May/2019 16:49:33] DEBUG [MYAPP:36] Succeed!
[19/May/2019 16:49:33] INFO [MYAPP:37] Admin!
[19/May/2019 16:49:33] DEBUG [MYAPP:10] Succeed!
[19/May/2019 16:49:33] INFO [MYAPP:11] Admin!
[19/May/2019 16:49:33] DEBUG [MYAPP:16] Succeed!
[19/May/2019 16:49:33] INFO [MYAPP:17] Admin!
[19/May/2019 16:49:33] DEBUG [MYAPP:23] Succeed!
[19/May/2019 16:49:33] INFO [MYAPP:24] Admin!
[19/May/2019 16:49:33] DEBUG [MYAPP:29] Succeed!
[19/May/2019 16:49:33] INFO [MYAPP:30] Admin!
[19/May/2019 16:49:33] DEBUG [MYAPP:36] Succeed!
[19/May/2019 16:49:33] INFO [MYAPP:37] Admin!
[19/May/2019 16:50:55] DEBUG [MYAPP:10] Succeed!
[19/May/2019 16:50:55] INFO [MYAPP:11] Admin!
[19/May/2019 16:50:55] DEBUG [MYAPP:16] Succeed!
[19/May/2019 16:50:55] INFO [MYAPP:17] Admin!
[19/May/2019 16:50:55] DEBUG [MYAPP:23] Succeed!
[19/May/2019 16:50:55] INFO [MYAPP:24] Admin!
[19/May/2019 16:50:55] DEBUG [MYAPP:29] Succeed!
[19/May/2019 16:50:55] INFO [MYAPP:30] Admin!
[19/May/2019 16:50:55] DEBUG [MYAPP:36] Succeed!
[19/May/2019 16:50:55] INFO [MYAPP:37] Admin!
[19/May/2019 16:50:55] DEBUG [MYAPP:10] Succeed!
[19/May/2019 16:50:55] INFO [MYAPP:11] Admin!
[19/May/2019 16:50:55] DEBUG [MYAPP:16] Succeed!
[19/May/2019 16:50:55] INFO [MYAPP:17] Admin!
[19/May/2019 16:50:55] DEBUG [MYAPP:23] Succeed!
[19/May/2019 16:50:55] INFO [MYAPP:24] Admin!
[19/May/2019 16:50:55] DEBUG [MYAPP:29] Succeed!
[19/May/2019 16:50:55] INFO [MYAPP:30] Admin!
[19/May/2019 16:50:55] DEBUG [MYAPP:36] Succeed!
[19/May/2019 16:50:55] INFO [MYAPP:37] Admin!
[19/May/2019 16:52:41] DEBUG [MYAPP:10] Succeed!
[19/May/2019 16:52:41] INFO [MYAPP:11] Admin!
[19/May/2019 16:52:41] DEBUG [MYAPP:16] Succeed!
[19/May/2019 16:52:41] INFO [MYAPP:17] Admin!
[19/May/2019 16:52:41] DEBUG [MYAPP:23] Succeed!
[19/May/2019 16:52:41] INFO [MYAPP:24] Admin!
[19/May/2019 16:52:41] DEBUG [MYAPP:29] Succeed!
[19/May/2019 16:52:41] INFO [MYAPP:30] Admin!
[19/May/2019 16:52:41] DEBUG [MYAPP:36] Succeed!
[19/May/2019 16:52:41] INFO [MYAPP:37] Admin!
[19/May/2019 16:52:42] DEBUG [MYAPP:10] Succeed!
[19/May/2019 16:52:42] INFO [MYAPP:11] Admin!
[19/May/2019 16:52:42] DEBUG [MYAPP:16] Succeed!
[19/May/2019 16:52:42] INFO [MYAPP:17] Admin!
[19/May/2019 16:52:42] DEBUG [MYAPP:23] Succeed!
[19/May/2019 16:52:42] INFO [MYAPP:24] Admin!
[19/May/2019 16:52:42] DEBUG [MYAPP:29] Succeed!
[19/May/2019 16:52:42] INFO [MYAPP:30] Admin!
[19/May/2019 16:52:42] DEBUG [MYAPP:36] Succeed!
[19/May/2019 16:52:42] INFO [MYAPP:37] Admin!
[19/May/2019 16:52:42] WARNING [MYAPP:58] is when this event was logged.
[19/May/2019 16:52:42] WARNING [MYAPP:64] is when this event was logged.
[19/May/2019 16:52:47] WARNING [MYAPP:17] is when this event was logged.
[19/May/2019 16:54:39] DEBUG [MYAPP:10] Succeed!
[19/May/2019 16:54:39] INFO [MYAPP:11] Admin!
[19/May/2019 16:54:39] DEBUG [MYAPP:16] Succeed!
[19/May/2019 16:54:39] INFO [MYAPP:17] Admin!
[19/May/2019 16:54:39] DEBUG [MYAPP:23] Succeed!
[19/May/2019 16:54:39] INFO [MYAPP:24] Admin!
[19/May/2019 16:54:39] DEBUG [MYAPP:29] Succeed!
[19/May/2019 16:54:39] INFO [MYAPP:30] Admin!
[19/May/2019 16:54:39] DEBUG [MYAPP:36] Succeed!
[19/May/2019 16:54:39] INFO [MYAPP:37] Admin!
[19/May/2019 16:54:39] DEBUG [MYAPP:10] Succeed!
[19/May/2019 16:54:39] INFO [MYAPP:11] Admin!
[19/May/2019 16:54:39] DEBUG [MYAPP:16] Succeed!
[19/May/2019 16:54:39] INFO [MYAPP:17] Admin!
[19/May/2019 16:54:39] DEBUG [MYAPP:23] Succeed!
[19/May/2019 16:54:39] INFO [MYAPP:24] Admin!
[19/May/2019 16:54:39] DEBUG [MYAPP:29] Succeed!
[19/May/2019 16:54:39] INFO [MYAPP:30] Admin!
[19/May/2019 16:54:39] DEBUG [MYAPP:36] Succeed!
[19/May/2019 16:54:39] INFO [MYAPP:37] Admin!
[19/May/2019 16:58:16] DEBUG [MYAPP:10] Succeed!
[19/May/2019 16:58:16] INFO [MYAPP:11] Admin!
[19/May/2019 16:58:16] DEBUG [MYAPP:16] Succeed!
[19/May/2019 16:58:16] INFO [MYAPP:17] Admin!
[19/May/2019 16:58:16] DEBUG [MYAPP:23] Succeed!
[19/May/2019 16:58:16] INFO [MYAPP:24] Admin!
[19/May/2019 16:58:16] DEBUG [MYAPP:29] Succeed!
[19/May/2019 16:58:16] INFO [MYAPP:30] Admin!
[19/May/2019 16:58:16] DEBUG [MYAPP:36] Succeed!
[19/May/2019 16:58:16] INFO [MYAPP:37] Admin!
[19/May/2019 16:58:56] DEBUG [MYAPP:10] Succeed!
[19/May/2019 16:58:56] INFO [MYAPP:11] Admin!
[19/May/2019 16:58:56] DEBUG [MYAPP:16] Succeed!
[19/May/2019 16:58:56] INFO [MYAPP:17] Admin!
[19/May/2019 16:58:56] DEBUG [MYAPP:23] Succeed!
[19/May/2019 16:58:56] INFO [MYAPP:24] Admin!
[19/May/2019 16:58:56] DEBUG [MYAPP:29] Succeed!
[19/May/2019 16:58:56] INFO [MYAPP:30] Admin!
[19/May/2019 16:58:56] DEBUG [MYAPP:36] Succeed!
[19/May/2019 16:58:56] INFO [MYAPP:37] Admin!
